<?xml version="1.0" encoding="UTF-8"?>
<!-- Generated by org.testng.reporters.JUnitReportReporter -->
<testsuite hostname="LAPTOP-6UNRTCRV" failures="0" tests="5" name="com.qa.opencart.tests.RegisterPageTest" time="44.861" errors="0" timestamp="2024-07-17T07:06:14 IST" skipped="0">
  <testcase classname="com.qa.opencart.tests.RegisterPageTest" name="userRegisterationTest" time="3.926"/>
  <system-out/>
  <testcase classname="com.qa.opencart.tests.RegisterPageTest" name="userRegisterationTest" time="6.932"/>
  <system-out/>
  <testcase classname="com.qa.opencart.tests.RegisterPageTest" name="userRegisterationTest" time="4.276"/>
  <system-out/>
  <testcase classname="com.qa.opencart.tests.RegisterPageTest" name="userRegisterationTest" time="4.185"/>
  <system-out/>
  <testcase classname="com.qa.opencart.tests.RegisterPageTest" name="userRegisterationTest" time="25.542"/>
  <system-out/>
</testsuite> <!-- com.qa.opencart.tests.RegisterPageTest -->
